{"C:\\Users\\Peter\\Desktop\\larnu\\react\\form1\\src\\App.tsx": {"path":"C:\\Users\\Peter\\Desktop\\larnu\\react\\form1\\src\\App.tsx","all":false,"statementMap":{"0":{"start":{"line":1,"column":0},"end":{"line":1,"column":0}},"1":{"start":{"line":2,"column":0},"end":{"line":2,"column":33}},"2":{"start":{"line":3,"column":0},"end":{"line":3,"column":19}},"3":{"start":{"line":4,"column":0},"end":{"line":4,"column":0}},"4":{"start":{"line":5,"column":0},"end":{"line":5,"column":16}},"5":{"start":{"line":6,"column":0},"end":{"line":6,"column":38}},"6":{"start":{"line":7,"column":0},"end":{"line":7,"column":39}},"7":{"start":{"line":8,"column":0},"end":{"line":8,"column":40}},"8":{"start":{"line":9,"column":0},"end":{"line":9,"column":0}},"9":{"start":{"line":10,"column":0},"end":{"line":10,"column":18}},"10":{"start":{"line":11,"column":0},"end":{"line":11,"column":25}},"11":{"start":{"line":12,"column":0},"end":{"line":12,"column":38}},"12":{"start":{"line":13,"column":0},"end":{"line":13,"column":5}},"13":{"start":{"line":14,"column":0},"end":{"line":14,"column":1}},"14":{"start":{"line":15,"column":0},"end":{"line":15,"column":0}},"15":{"start":{"line":16,"column":0},"end":{"line":16,"column":19}},"16":{"start":{"line":17,"column":0},"end":{"line":17,"column":27}},"17":{"start":{"line":18,"column":0},"end":{"line":18,"column":40}},"18":{"start":{"line":19,"column":0},"end":{"line":19,"column":5}},"19":{"start":{"line":20,"column":0},"end":{"line":20,"column":1}},"20":{"start":{"line":21,"column":0},"end":{"line":21,"column":0}},"21":{"start":{"line":22,"column":0},"end":{"line":22,"column":19}},"22":{"start":{"line":23,"column":0},"end":{"line":23,"column":27}},"23":{"start":{"line":24,"column":0},"end":{"line":24,"column":40}},"24":{"start":{"line":25,"column":0},"end":{"line":25,"column":5}},"25":{"start":{"line":26,"column":0},"end":{"line":26,"column":1}},"26":{"start":{"line":27,"column":0},"end":{"line":27,"column":0}},"27":{"start":{"line":28,"column":0},"end":{"line":28,"column":0}},"28":{"start":{"line":29,"column":0},"end":{"line":29,"column":10}},"29":{"start":{"line":30,"column":0},"end":{"line":30,"column":25}},"30":{"start":{"line":31,"column":0},"end":{"line":31,"column":44}},"31":{"start":{"line":32,"column":0},"end":{"line":32,"column":102}},"32":{"start":{"line":33,"column":0},"end":{"line":33,"column":77}},"33":{"start":{"line":34,"column":0},"end":{"line":34,"column":0}},"34":{"start":{"line":35,"column":0},"end":{"line":35,"column":45}},"35":{"start":{"line":36,"column":0},"end":{"line":36,"column":106}},"36":{"start":{"line":37,"column":0},"end":{"line":37,"column":79}},"37":{"start":{"line":38,"column":0},"end":{"line":38,"column":0}},"38":{"start":{"line":39,"column":0},"end":{"line":39,"column":45}},"39":{"start":{"line":40,"column":0},"end":{"line":40,"column":106}},"40":{"start":{"line":41,"column":0},"end":{"line":41,"column":79}},"41":{"start":{"line":42,"column":0},"end":{"line":42,"column":0}},"42":{"start":{"line":43,"column":0},"end":{"line":43,"column":0}},"43":{"start":{"line":44,"column":0},"end":{"line":44,"column":10}},"44":{"start":{"line":45,"column":0},"end":{"line":45,"column":4}},"45":{"start":{"line":46,"column":0},"end":{"line":46,"column":4}},"46":{"start":{"line":47,"column":0},"end":{"line":47,"column":1}},"47":{"start":{"line":48,"column":0},"end":{"line":48,"column":0}},"48":{"start":{"line":49,"column":0},"end":{"line":49,"column":19}}},"s":{"0":1,"1":1,"2":1,"3":1,"4":135,"5":135,"6":135,"7":135,"8":135,"9":35,"10":35,"11":35,"12":35,"13":35,"14":135,"15":0,"16":0,"17":0,"18":0,"19":0,"20":135,"21":0,"22":0,"23":0,"24":0,"25":0,"26":135,"27":135,"28":135,"29":135,"30":135,"31":135,"32":135,"33":135,"34":135,"35":135,"36":135,"37":135,"38":135,"39":135,"40":135,"41":135,"42":135,"43":135,"44":135,"45":135,"46":135,"47":1,"48":1},"branchMap":{"0":{"type":"branch","line":5,"loc":{"start":{"line":5,"column":0},"end":{"line":47,"column":1}},"locations":[{"start":{"line":5,"column":0},"end":{"line":47,"column":1}}]},"1":{"type":"branch","line":10,"loc":{"start":{"line":10,"column":0},"end":{"line":14,"column":1}},"locations":[{"start":{"line":10,"column":0},"end":{"line":14,"column":1}}]},"2":{"type":"branch","line":11,"loc":{"start":{"line":11,"column":11},"end":{"line":13,"column":3}},"locations":[{"start":{"line":11,"column":11},"end":{"line":13,"column":3}}]},"3":{"type":"branch","line":12,"loc":{"start":{"line":12,"column":20},"end":{"line":12,"column":33}},"locations":[{"start":{"line":12,"column":20},"end":{"line":12,"column":33}}]},"4":{"type":"branch","line":12,"loc":{"start":{"line":12,"column":34},"end":{"line":12,"column":37}},"locations":[{"start":{"line":12,"column":34},"end":{"line":12,"column":37}}]},"5":{"type":"branch","line":32,"loc":{"start":{"line":32,"column":42},"end":{"line":32,"column":82}},"locations":[{"start":{"line":32,"column":42},"end":{"line":32,"column":82}}]},"6":{"type":"branch","line":32,"loc":{"start":{"line":32,"column":56},"end":{"line":32,"column":81}},"locations":[{"start":{"line":32,"column":56},"end":{"line":32,"column":81}}]},"7":{"type":"branch","line":33,"loc":{"start":{"line":33,"column":43},"end":{"line":33,"column":55}},"locations":[{"start":{"line":33,"column":43},"end":{"line":33,"column":55}}]},"8":{"type":"branch","line":36,"loc":{"start":{"line":36,"column":43},"end":{"line":36,"column":86}},"locations":[{"start":{"line":36,"column":43},"end":{"line":36,"column":86}}]},"9":{"type":"branch","line":36,"loc":{"start":{"line":36,"column":58},"end":{"line":36,"column":85}},"locations":[{"start":{"line":36,"column":58},"end":{"line":36,"column":85}}]},"10":{"type":"branch","line":40,"loc":{"start":{"line":40,"column":43},"end":{"line":40,"column":86}},"locations":[{"start":{"line":40,"column":43},"end":{"line":40,"column":86}}]},"11":{"type":"branch","line":40,"loc":{"start":{"line":40,"column":58},"end":{"line":40,"column":85}},"locations":[{"start":{"line":40,"column":58},"end":{"line":40,"column":85}}]}},"b":{"0":[135],"1":[35],"2":[35],"3":[25],"4":[10],"5":[1],"6":[1],"7":[35],"8":[1],"9":[1],"10":[100],"11":[100]},"fnMap":{"0":{"name":"App","decl":{"start":{"line":5,"column":0},"end":{"line":47,"column":1}},"loc":{"start":{"line":5,"column":0},"end":{"line":47,"column":1}},"line":5},"1":{"name":"likes","decl":{"start":{"line":10,"column":0},"end":{"line":14,"column":1}},"loc":{"start":{"line":10,"column":0},"end":{"line":14,"column":1}},"line":10},"2":{"name":"likes2","decl":{"start":{"line":16,"column":0},"end":{"line":20,"column":1}},"loc":{"start":{"line":16,"column":0},"end":{"line":20,"column":1}},"line":16},"3":{"name":"likes3","decl":{"start":{"line":22,"column":0},"end":{"line":26,"column":1}},"loc":{"start":{"line":22,"column":0},"end":{"line":26,"column":1}},"line":22},"4":{"name":"onClick","decl":{"start":{"line":32,"column":42},"end":{"line":32,"column":82}},"loc":{"start":{"line":32,"column":42},"end":{"line":32,"column":82}},"line":32},"5":{"name":"onClick","decl":{"start":{"line":33,"column":43},"end":{"line":33,"column":55}},"loc":{"start":{"line":33,"column":43},"end":{"line":33,"column":55}},"line":33},"6":{"name":"onClick","decl":{"start":{"line":36,"column":43},"end":{"line":36,"column":86}},"loc":{"start":{"line":36,"column":43},"end":{"line":36,"column":86}},"line":36},"7":{"name":"onClick","decl":{"start":{"line":37,"column":44},"end":{"line":37,"column":57}},"loc":{"start":{"line":37,"column":44},"end":{"line":37,"column":57}},"line":37},"8":{"name":"onClick","decl":{"start":{"line":40,"column":43},"end":{"line":40,"column":86}},"loc":{"start":{"line":40,"column":43},"end":{"line":40,"column":86}},"line":40},"9":{"name":"onClick","decl":{"start":{"line":41,"column":44},"end":{"line":41,"column":57}},"loc":{"start":{"line":41,"column":44},"end":{"line":41,"column":57}},"line":41}},"f":{"0":135,"1":35,"2":0,"3":0,"4":1,"5":35,"6":1,"7":0,"8":100,"9":0}}
}
