TN:
SF:src\App.tsx
FN:5,App
FN:10,likes
FN:16,likes2
FN:22,likes3
FN:32,onClick
FN:33,onClick
FN:36,onClick
FN:37,onClick
FN:40,onClick
FN:41,onClick
FNF:10
FNH:6
FNDA:135,App
FNDA:35,likes
FNDA:0,likes2
FNDA:0,likes3
FNDA:1,onClick
FNDA:35,onClick
FNDA:1,onClick
FNDA:0,onClick
FNDA:100,onClick
FNDA:0,onClick
DA:1,1
DA:2,1
DA:3,1
DA:4,1
DA:5,135
DA:6,135
DA:7,135
DA:8,135
DA:9,135
DA:10,35
DA:11,35
DA:12,35
DA:13,35
DA:14,35
DA:15,135
DA:16,0
DA:17,0
DA:18,0
DA:19,0
DA:20,0
DA:21,135
DA:22,0
DA:23,0
DA:24,0
DA:25,0
DA:26,0
DA:27,135
DA:28,135
DA:29,135
DA:30,135
DA:31,135
DA:32,135
DA:33,135
DA:34,135
DA:35,135
DA:36,135
DA:37,135
DA:38,135
DA:39,135
DA:40,135
DA:41,135
DA:42,135
DA:43,135
DA:44,135
DA:45,135
DA:46,135
DA:47,135
DA:48,1
DA:49,1
LF:49
LH:39
BRDA:5,0,0,135
BRDA:10,1,0,35
BRDA:11,2,0,35
BRDA:12,3,0,25
BRDA:12,4,0,10
BRDA:32,5,0,1
BRDA:32,6,0,1
BRDA:33,7,0,35
BRDA:36,8,0,1
BRDA:36,9,0,1
BRDA:40,10,0,100
BRDA:40,11,0,100
BRF:12
BRH:12
end_of_record
